<?xml version="1.0" encoding="UTF-8"?>
<!-- Generated by org.testng.reporters.JUnitXMLReporter -->
<testsuite hostname="DESKTOP-QFMIKKG" ignored="0" name="first" tests="9" failures="0" timestamp="2020-08-31T02:20:03 IST" time="133.709" errors="0">
  <testcase name="validateTitle" time="2.145" classname="com.Testcases.activity1"/>
  <testcase name="validateHeaderImage" time="2.18" classname="com.Testcases.activity2"/>
  <testcase name="validateFooterText" time="2.454" classname="com.Testcases.activity3"/>
  <testcase name="validateHomepageIsLoaded" time="5.688" classname="com.Testcases.activity4"/>
  <testcase name="validateColorNavBar" time="8.625" classname="com.Testcases.activity5"/>
  <testcase name="validateActivitiesdrpdown" time="4.25" classname="com.Testcases.activity6"/>
  <testcase name="additionalinformation" time="30.308" classname="com.Testcases.activity7"/>
  <testcase name="AccTableNameInformation" time="7.375" classname="com.Testcases.activity8"/>
  <testcase name="NameUserInfoFromLeadTable" time="7.536" classname="com.Testcases.activity9"/>
</testsuite> <!-- first -->
